<?xml version="1.0" encoding="UTF-8"?>
<!-- Generated by org.testng.reporters.JUnitReportReporter -->
<testsuite hostname="SWT-LTOP-208" failures="0" tests="1" name="remove.hmm" time="12.712" errors="0" timestamp="2023-07-03T22:54:08 IST" skipped="0">
  <testcase classname="remove.hmm" name="flipkartSecurityTest" time="12.712"/>
  <system-out/>
</testsuite> <!-- remove.hmm -->
