<?xml version="1.0" encoding="UTF-8"?>
<!-- Generated by org.testng.reporters.JUnitReportReporter -->
<testsuite hostname="SWT-LTOP-208" failures="0" tests="1" name="remove.proxy" time="8.513" errors="0" timestamp="2023-07-04T17:18:39 IST" skipped="0">
  <testcase classname="remove.proxy" name="flipkartSecurityTest" time="8.513"/>
  <system-out/>
</testsuite> <!-- remove.proxy -->
